<?xml version="1.0" encoding="UTF-8"?>
<testsuite xmlns:xsi="http://www.w3.org/2001/XMLSchema-instance" xsi:noNamespaceSchemaLocation="https://maven.apache.org/surefire/maven-surefire-plugin/xsd/surefire-test-report.xsd" version="3.0.2" name="backendTests.ApiTest" time="2.005" tests="6" errors="0" skipped="0" failures="0">
  <properties>
[...]
</properties>
  <testcase name="testPostUser" classname="backendTests.ApiTest" time="1.67">
    <system-out><![CDATA[19151367-522c-4fd4-afab-566a63aef4ea
]]></system-out>
  </testcase>
  <testcase name="testPostGroup" classname="backendTests.ApiTest" time="0.058">
    <system-out><![CDATA[e5d6c206-96a6-41e3-a697-3013aab352f2
]]></system-out>
  </testcase>
  <testcase name="testPostNote" classname="backendTests.ApiTest" time="0.071">
    <system-out><![CDATA[e1d9a130-f315-4052-b3ac-721b5660837b
]]></system-out>
  </testcase>
  <testcase name="testGetUser" classname="backendTests.ApiTest" time="0.057"/>
  <testcase name="testGetGroup" classname="backendTests.ApiTest" time="0.072"/>
  <testcase name="testGetNote" classname="backendTests.ApiTest" time="0.048"/>
</testsuite>